<?xml version="1.0" encoding="UTF-8"?>
<testsuite name="com.ocado.basket.BasketSplitterTest" tests="8" skipped="0" failures="0" errors="0" timestamp="2024-04-07T13:00:40" hostname="MSI" time="0.263">
  <properties/>
  <testcase name="testWork()" classname="com.ocado.basket.BasketSplitterTest" time="0.024"/>
  <testcase name="split2()" classname="com.ocado.basket.BasketSplitterTest" time="0.175"/>
  <testcase name="split3()" classname="com.ocado.basket.BasketSplitterTest" time="0.008"/>
  <testcase name="split4()" classname="com.ocado.basket.BasketSplitterTest" time="0.01"/>
  <testcase name="split5()" classname="com.ocado.basket.BasketSplitterTest" time="0.008"/>
  <testcase name="constructorTest1()" classname="com.ocado.basket.BasketSplitterTest" time="0.01"/>
  <testcase name="constructorTest2()" classname="com.ocado.basket.BasketSplitterTest" time="0.007"/>
  <testcase name="split()" classname="com.ocado.basket.BasketSplitterTest" time="0.006"/>
  <system-out><![CDATA[]]></system-out>
  <system-err><![CDATA[]]></system-err>
</testsuite>
